#
# A fatal error has been detected by the Java Runtime Environment:
#
#  SIGBUS (0x7) at pc=0x00007f2b875376f2, pid=18908, tid=18939
#
# JRE version: OpenJDK Runtime Environment (17.0.5+8) (build 17.0.5+8-Debian-2)
# Java VM: OpenJDK 64-Bit Server VM (17.0.5+8-Debian-2, mixed mode, sharing, tiered, compressed oops, compressed class ptrs, g1 gc, linux-amd64)
# Problematic frame:
# C  [ld-linux-x86-64.so.2+0x216f2]
#
# Core dump will be written. Default location: Core dumps may be processed with "/lib/systemd/systemd-coredump %P %u %g %s %t 9223372036854775808 %h" (or dumping to /home/miaro/Desktop/Tetikasa/Ilefohy/desktop/core.18908)
#
# If you would like to submit a bug report, please visit:
#   https://bugs.debian.org/openjdk-17
# The crash happened outside the Java Virtual Machine in native code.
# See problematic frame for where to report the bug.
#

---------------  S U M M A R Y ------------

Command Line: -javaagent:/home/miaro/Software/eclipse/configuration/org.eclipse.osgi/389/0/.cp/jacocoagent.jar=includes=*,excludes=,exclclassloader=sun.reflect.DelegatingClassLoader,output=tcpclient,port=42253 -Dfile.encoding=UTF-8 -XX:+ShowCodeDetailsInExceptionMessages -Dawt.useSystemAAFontSettings=on -Dswing.aatext=true com.ilefohy.game.DesktopLauncher

Host: Intel(R) Core(TM) i7-7500U CPU @ 2.70GHz, 4 cores, 3G, Kali GNU/Linux Rolling
Time: Fri Feb 17 09:08:15 2023 EST elapsed time: 30.496279 seconds (0d 0h 0m 30s)

---------------  T H R E A D  ---------------

Current thread (0x00007f2b80018540):  JavaThread "main" [_thread_in_native, id=18939, stack(0x00007f2b85d00000,0x00007f2b85e00000)]

Stack: [0x00007f2b85d00000,0x00007f2b85e00000],  sp=0x00007f2b85dfab88,  free space=1002k
Native frames: (J=compiled Java code, j=interpreted, Vv=VM code, C=native code)
C  [ld-linux-x86-64.so.2+0x216f2]

Java frames: (J=compiled Java code, j=interpreted, Vv=VM code)
j  jdk.internal.loader.NativeLibraries.load(Ljdk/internal/loader/NativeLibraries$NativeLibraryImpl;Ljava/lang/String;ZZZ)Z+0 java.base@17.0.5
j  jdk.internal.loader.NativeLibraries$NativeLibraryImpl.open()Z+60 java.base@17.0.5
j  jdk.internal.loader.NativeLibraries.loadLibrary(Ljava/lang/Class;Ljava/lang/String;Z)Ljdk/internal/loader/NativeLibrary;+256 java.base@17.0.5
j  jdk.internal.loader.NativeLibraries.loadLibrary(Ljava/lang/Class;Ljava/io/File;)Ljdk/internal/loader/NativeLibrary;+51 java.base@17.0.5
j  java.lang.ClassLoader.loadLibrary(Ljava/lang/Class;Ljava/io/File;)Ljdk/internal/loader/NativeLibrary;+31 java.base@17.0.5
j  java.lang.Runtime.load0(Ljava/lang/Class;Ljava/lang/String;)V+61 java.base@17.0.5
j  java.lang.System.load(Ljava/lang/String;)V+7 java.base@17.0.5
j  org.lwjgl.system.Library$$Lambda$53+0x0000000800c81408.accept(Ljava/lang/Object;)V+4
j  org.lwjgl.system.Library.loadSystem(Ljava/util/function/Consumer;Ljava/lang/Class;Ljava/lang/String;Ljava/lang/String;ZLjava/lang/String;Ljava/lang/String;)Z+74
j  org.lwjgl.system.Library.loadSystemFromLibraryPath(Ljava/util/function/Consumer;Ljava/lang/Class;Ljava/lang/String;Ljava/lang/String;Z)Z+50
j  org.lwjgl.system.Library.loadSystem(Ljava/util/function/Consumer;Ljava/util/function/Consumer;Ljava/lang/Class;Ljava/lang/String;Ljava/lang/String;)V+344
j  org.lwjgl.system.Library.loadSystem(Ljava/lang/String;Ljava/lang/String;)V+18
j  org.lwjgl.system.Library.<clinit>()V+280
v  ~StubRoutines::call_stub
j  org.lwjgl.system.MemoryUtil.<clinit>()V+110
v  ~StubRoutines::call_stub
j  org.lwjgl.system.Pointer$Default.<clinit>()V+4
v  ~StubRoutines::call_stub
j  org.lwjgl.system.Callback.<clinit>()V+28
v  ~StubRoutines::call_stub
j  com.badlogic.gdx.backends.lwjgl3.Lwjgl3Application.initializeGlfw()V+51
j  com.badlogic.gdx.backends.lwjgl3.Lwjgl3Application.<init>(Lcom/badlogic/gdx/ApplicationListener;Lcom/badlogic/gdx/backends/lwjgl3/Lwjgl3ApplicationConfiguration;)V+129
j  com.ilefohy.game.DesktopLauncher.main([Ljava/lang/String;)V+79
v  ~StubRoutines::call_stub

siginfo: si_signo: 7 (SIGBUS), si_code: 2 (BUS_ADRERR), si_addr: 0x00007f2b1b86b298

Register to memory mapping:

RAX=0x00007f2b1b86b298 points into unknown readable memory: 0x625528203a434347 | 47 43 43 3a 20 28 55 62
RBX=0x0000000000000002 is an unknown value
RCX=0x00007f2b1b86b800 points into unknown readable memory: 0x00000001000000a8 | a8 00 00 00 01 00 00 00
RDX=0x0000000000000568 is an unknown value
RSP=0x00007f2b85dfab88 is pointing into the stack for thread: 0x00007f2b80018540
RBP=0x00007f2b85dfae70 is pointing into the stack for thread: 0x00007f2b80018540
RSI=0x0 is NULL
RDI=0x00007f2b1b86b298 points into unknown readable memory: 0x625528203a434347 | 47 43 43 3a 20 28 55 62
R8 =0x00007f2b1b86b298 points into unknown readable memory: 0x625528203a434347 | 47 43 43 3a 20 28 55 62
R9 =0x000000000006a000 is an unknown value
R10=0x0000000000000003 is an unknown value
R11=0x0000000000000246 is an unknown value
R12=0x00007f2b85dfabc8 is pointing into the stack for thread: 0x00007f2b80018540
R13=0x00007f2b800d5c40 points into unknown readable memory: 0x00007f2b1b600000 | 00 00 60 1b 2b 7f 00 00
R14=0x00007f2b85dfaf10 is pointing into the stack for thread: 0x00007f2b80018540
R15=0x00007f2b1b86b800 points into unknown readable memory: 0x00000001000000a8 | a8 00 00 00 01 00 00 00


Registers:
RAX=0x00007f2b1b86b298, RBX=0x0000000000000002, RCX=0x00007f2b1b86b800, RDX=0x0000000000000568
RSP=0x00007f2b85dfab88, RBP=0x00007f2b85dfae70, RSI=0x0000000000000000, RDI=0x00007f2b1b86b298
R8 =0x00007f2b1b86b298, R9 =0x000000000006a000, R10=0x0000000000000003, R11=0x0000000000000246
R12=0x00007f2b85dfabc8, R13=0x00007f2b800d5c40, R14=0x00007f2b85dfaf10, R15=0x00007f2b1b86b800
RIP=0x00007f2b875376f2, EFLAGS=0x0000000000010206, CSGSFS=0x002b000000000033, ERR=0x0000000000000006
  TRAPNO=0x000000000000000e

Top of Stack: (sp=0x00007f2b85dfab88)
0x00007f2b85dfab88:   00007f2b8751caa1 0000000000000000
0x00007f2b85dfab98:   000000000006b000 000000000006a6f0
0x00007f2b85dfaba8:   000000000006a6f0 0000000000200000
0x00007f2b85dfabb8:   0000000000000000 00007f2b00000005 

Instructions: (pc=0x00007f2b875376f2)
0x00007f2b875375f2:   16 c0 48 29 ce 48 ff c7 48 01 fe 48 8d 54 11 c0
0x00007f2b87537602:   0f 10 0e 0f 10 56 10 0f 10 5e 20 0f 10 66 30 48
0x00007f2b87537612:   83 ee c0 0f 29 0f 0f 29 57 10 0f 29 5f 20 0f 29
0x00007f2b87537622:   67 30 48 83 ef c0 48 39 fa 77 d5 0f 11 6a 30 0f
0x00007f2b87537632:   11 72 20 0f 11 7a 10 44 0f 11 02 0f 11 01 c3 48
0x00007f2b87537642:   85 c9 74 fa 0f 10 6e 10 0f 10 76 20 48 8d 4c 17
0x00007f2b87537652:   bf 0f 10 7e 30 44 0f 10 44 16 f0 48 29 fe 48 83
0x00007f2b87537662:   e1 f0 48 01 ce 66 0f 1f 84 00 00 00 00 00 0f 10
0x00007f2b87537672:   4e 30 0f 10 56 20 0f 10 5e 10 0f 10 26 48 83 c6
0x00007f2b87537682:   c0 0f 29 49 30 0f 29 51 20 0f 29 59 10 0f 29 21
0x00007f2b87537692:   48 83 c1 c0 48 39 cf 72 d5 0f 11 07 0f 11 6f 10
0x00007f2b875376a2:   0f 11 77 20 0f 11 7f 30 44 0f 11 44 3a f0 c3 66
0x00007f2b875376b2:   2e 0f 1f 84 00 00 00 00 00 0f 1f 44 00 00 66 0f
0x00007f2b875376c2:   6e c6 48 89 f8 66 0f 60 c0 66 0f 61 c0 66 0f 70
0x00007f2b875376d2:   c0 00 48 83 fa 10 72 76 48 83 fa 20 77 12 0f 11
0x00007f2b875376e2:   44 17 f0 0f 11 07 c3 0f 11 47 e0 0f 11 47 f0 c3
0x00007f2b875376f2:   0f 11 07 0f 11 47 10 48 01 d7 48 83 fa 40 76 e7
0x00007f2b87537702:   0f 11 40 20 0f 11 40 30 48 83 c7 c0 48 81 fa 80
0x00007f2b87537712:   00 00 00 76 21 48 8d 50 40 48 83 e2 e0 90 0f 29
0x00007f2b87537722:   02 0f 29 42 10 0f 29 42 20 0f 29 42 30 48 83 ea
0x00007f2b87537732:   c0 48 39 fa 72 e8 0f 11 07 0f 11 47 10 0f 11 47
0x00007f2b87537742:   20 0f 11 47 30 c3 0f 1f 84 00 00 00 00 00 66 48
0x00007f2b87537752:   0f 7e c6 83 fa 08 7d 16 83 fa 04 7d 1a 83 fa 01
0x00007f2b87537762:   7f 1c 7c 03 40 88 37 c3 66 0f 1f 44 00 00 48 89
0x00007f2b87537772:   37 48 89 74 17 f8 c3 89 37 89 74 17 fc c3 66 89
0x00007f2b87537782:   37 40 88 74 17 ff c3 0f 1f 80 00 00 00 00 66 48
0x00007f2b87537792:   0f 6e ce 48 89 f9 66 0f 60 c9 66 0f 60 c9 48 83
0x00007f2b875377a2:   e1 3f 66 0f 70 c9 00 48 83 f9 30 77 21 f3 0f 6f
0x00007f2b875377b2:   07 66 0f 74 c1 66 0f d7 c0 85 c0 0f 85 9d 01 00
0x00007f2b875377c2:   00 48 83 c7 10 48 83 e7 f0 eb 43 0f 1f 00 48 83
0x00007f2b875377d2:   e1 0f 48 83 e7 f0 66 0f 6f 07 66 0f 74 c1 66 0f
0x00007f2b875377e2:   d7 c0 d3 f8 85 c0 74 16 0f bc c0 48 01 f8 48 01 


Stack slot to memory mapping:
stack at sp + 0 slots: 0x00007f2b8751caa1: <offset 0x0000000000006aa1> in /lib64/ld-linux-x86-64.so.2 at 0x00007f2b87516000
stack at sp + 1 slots: 0x0 is NULL
stack at sp + 2 slots: 0x000000000006b000 is an unknown value
stack at sp + 3 slots: 0x000000000006a6f0 is an unknown value
stack at sp + 4 slots: 0x000000000006a6f0 is an unknown value
stack at sp + 5 slots: 0x0000000000200000 is an unknown value
stack at sp + 6 slots: 0x0 is NULL
stack at sp + 7 slots: 0x00007f2b00000005 is an unknown value


---------------  P R O C E S S  ---------------

Threads class SMR info:
_java_thread_list=0x00007f2b804ea810, length=12, elements={
0x00007f2b80018540, 0x00007f2b800c25b0, 0x00007f2b800c3990, 0x00007f2b800c8d10,
0x00007f2b800ca0c0, 0x00007f2b800cb4d0, 0x00007f2b800cce80, 0x00007f2b800ce3b0,
0x00007f2b800cf820, 0x00007f2b800e3130, 0x00007f2b804d5f90, 0x00007f2b804eca90
}

Java Threads: ( => current thread )
=>0x00007f2b80018540 JavaThread "main" [_thread_in_native, id=18939, stack(0x00007f2b85d00000,0x00007f2b85e00000)]
  0x00007f2b800c25b0 JavaThread "Reference Handler" daemon [_thread_blocked, id=18973, stack(0x00007f2b58f00000,0x00007f2b59000000)]
  0x00007f2b800c3990 JavaThread "Finalizer" daemon [_thread_blocked, id=18975, stack(0x00007f2b58e00000,0x00007f2b58f00000)]
  0x00007f2b800c8d10 JavaThread "Signal Dispatcher" daemon [_thread_blocked, id=18982, stack(0x00007f2b58d00000,0x00007f2b58e00000)]
  0x00007f2b800ca0c0 JavaThread "Service Thread" daemon [_thread_blocked, id=18997, stack(0x00007f2b58900000,0x00007f2b58a00000)]
  0x00007f2b800cb4d0 JavaThread "Monitor Deflation Thread" daemon [_thread_blocked, id=19003, stack(0x00007f2b58800000,0x00007f2b58900000)]
  0x00007f2b800cce80 JavaThread "C2 CompilerThread0" daemon [_thread_blocked, id=19005, stack(0x00007f2b58700000,0x00007f2b58800000)]
  0x00007f2b800ce3b0 JavaThread "C1 CompilerThread0" daemon [_thread_blocked, id=19008, stack(0x00007f2b58600000,0x00007f2b58700000)]
  0x00007f2b800cf820 JavaThread "Sweeper thread" daemon [_thread_blocked, id=19011, stack(0x00007f2b58500000,0x00007f2b58600000)]
  0x00007f2b800e3130 JavaThread "Common-Cleaner" daemon [_thread_blocked, id=19015, stack(0x00007f2b58400000,0x00007f2b58500000)]
  0x00007f2b804d5f90 JavaThread "org.jacoco.agent.rt.internal_b6258fc.output.TcpClientOutput" daemon [_thread_in_native, id=19017, stack(0x00007f2b58300000,0x00007f2b58400000)]
  0x00007f2b804eca90 JavaThread "Notification Thread" daemon [_thread_blocked, id=19022, stack(0x00007f2b58200000,0x00007f2b58300000)]

Other Threads:
  0x00007f2b800be500 VMThread "VM Thread" [stack: 0x00007f2b598a7000,0x00007f2b599a7000] [id=18971]
  0x00007f2b804f1e10 WatcherThread [stack: 0x00007f2b58100000,0x00007f2b58200000] [id=19023]
  0x00007f2b80053840 GCTaskThread "GC Thread#0" [stack: 0x00007f2b7ff00000,0x00007f2b80000000] [id=18948]
  0x00007f2b50005160 GCTaskThread "GC Thread#1" [stack: 0x00007f2b1bf00000,0x00007f2b1c000000] [id=19037]
  0x00007f2b50008920 GCTaskThread "GC Thread#2" [stack: 0x00007f2b1bdfe000,0x00007f2b1befe000] [id=19039]
  0x00007f2b8005c2a0 ConcurrentGCThread "G1 Main Marker" [stack: 0x00007f2b68270000,0x00007f2b68370000] [id=18952]
  0x00007f2b8005d200 ConcurrentGCThread "G1 Conc#0" [stack: 0x00007f2b6816e000,0x00007f2b6826e000] [id=18959]
  0x00007f2b800970f0 ConcurrentGCThread "G1 Refine#0" [stack: 0x00007f2b59bfd000,0x00007f2b59cfd000] [id=18962]
  0x00007f2b80097fe0 ConcurrentGCThread "G1 Service" [stack: 0x00007f2b59afb000,0x00007f2b59bfb000] [id=18964]

Threads with active compile tasks:

VM state: not at safepoint (normal execution)

VM Mutex/Monitor currently owned by a thread: None

Heap address: 0x00000000c5c00000, size: 932 MB, Compressed Oops mode: 32-bit

CDS archive(s) mapped at: [0x0000000800000000-0x0000000800be3000-0x0000000800be3000), size 12464128, SharedBaseAddress: 0x0000000800000000, ArchiveRelocationMode: 0.
Compressed class space mapped at: 0x0000000800c00000-0x0000000840c00000, reserved size: 1073741824
Narrow klass base: 0x0000000800000000, Narrow klass shift: 0, Narrow klass range: 0x100000000

GC Precious Log:
 CPUs: 4 total, 4 available
 Memory: 3721M
 Large Page Support: Disabled
 NUMA Support: Disabled
 Compressed Oops: Enabled (32-bit)
 Heap Region Size: 1M
 Heap Min Capacity: 8M
 Heap Initial Capacity: 60M
 Heap Max Capacity: 932M
 Pre-touch: Disabled
 Parallel Workers: 4
 Concurrent Workers: 1
 Concurrent Refinement Workers: 4
 Periodic GC: Disabled

Heap:
 garbage-first heap   total 63488K, used 17009K [0x00000000c5c00000, 0x0000000100000000)
  region size 1024K, 17 young (17408K), 2 survivors (2048K)
 Metaspace       used 5557K, committed 5696K, reserved 1056768K
  class space    used 506K, committed 576K, reserved 1048576K

Heap Regions: E=young(eden), S=young(survivor), O=old, HS=humongous(starts), HC=humongous(continues), CS=collection set, F=free, OA=open archive, CA=closed archive, TAMS=top-at-mark-start (previous, next)
|   0|0x00000000c5c00000, 0x00000000c5ca2600, 0x00000000c5d00000| 63%| O|  |TAMS 0x00000000c5c00000, 0x00000000c5c00000| Untracked 
|   1|0x00000000c5d00000, 0x00000000c5d00000, 0x00000000c5e00000|  0%| F|  |TAMS 0x00000000c5d00000, 0x00000000c5d00000| Untracked 
|   2|0x00000000c5e00000, 0x00000000c5e00000, 0x00000000c5f00000|  0%| F|  |TAMS 0x00000000c5e00000, 0x00000000c5e00000| Untracked 
|   3|0x00000000c5f00000, 0x00000000c5f00000, 0x00000000c6000000|  0%| F|  |TAMS 0x00000000c5f00000, 0x00000000c5f00000| Untracked 
|   4|0x00000000c6000000, 0x00000000c6000000, 0x00000000c6100000|  0%| F|  |TAMS 0x00000000c6000000, 0x00000000c6000000| Untracked 
|   5|0x00000000c6100000, 0x00000000c6100000, 0x00000000c6200000|  0%| F|  |TAMS 0x00000000c6100000, 0x00000000c6100000| Untracked 
|   6|0x00000000c6200000, 0x00000000c6200000, 0x00000000c6300000|  0%| F|  |TAMS 0x00000000c6200000, 0x00000000c6200000| Untracked 
|   7|0x00000000c6300000, 0x00000000c6300000, 0x00000000c6400000|  0%| F|  |TAMS 0x00000000c6300000, 0x00000000c6300000| Untracked 
|   8|0x00000000c6400000, 0x00000000c6400000, 0x00000000c6500000|  0%| F|  |TAMS 0x00000000c6400000, 0x00000000c6400000| Untracked 
|   9|0x00000000c6500000, 0x00000000c6500000, 0x00000000c6600000|  0%| F|  |TAMS 0x00000000c6500000, 0x00000000c6500000| Untracked 
|  10|0x00000000c6600000, 0x00000000c6600000, 0x00000000c6700000|  0%| F|  |TAMS 0x00000000c6600000, 0x00000000c6600000| Untracked 
|  11|0x00000000c6700000, 0x00000000c6700000, 0x00000000c6800000|  0%| F|  |TAMS 0x00000000c6700000, 0x00000000c6700000| Untracked 
|  12|0x00000000c6800000, 0x00000000c6800000, 0x00000000c6900000|  0%| F|  |TAMS 0x00000000c6800000, 0x00000000c6800000| Untracked 
|  13|0x00000000c6900000, 0x00000000c6900000, 0x00000000c6a00000|  0%| F|  |TAMS 0x00000000c6900000, 0x00000000c6900000| Untracked 
|  14|0x00000000c6a00000, 0x00000000c6a00000, 0x00000000c6b00000|  0%| F|  |TAMS 0x00000000c6a00000, 0x00000000c6a00000| Untracked 
|  15|0x00000000c6b00000, 0x00000000c6b00000, 0x00000000c6c00000|  0%| F|  |TAMS 0x00000000c6b00000, 0x00000000c6b00000| Untracked 
|  16|0x00000000c6c00000, 0x00000000c6c00000, 0x00000000c6d00000|  0%| F|  |TAMS 0x00000000c6c00000, 0x00000000c6c00000| Untracked 
|  17|0x00000000c6d00000, 0x00000000c6d00000, 0x00000000c6e00000|  0%| F|  |TAMS 0x00000000c6d00000, 0x00000000c6d00000| Untracked 
|  18|0x00000000c6e00000, 0x00000000c6e00000, 0x00000000c6f00000|  0%| F|  |TAMS 0x00000000c6e00000, 0x00000000c6e00000| Untracked 
|  19|0x00000000c6f00000, 0x00000000c6f00000, 0x00000000c7000000|  0%| F|  |TAMS 0x00000000c6f00000, 0x00000000c6f00000| Untracked 
|  20|0x00000000c7000000, 0x00000000c7000000, 0x00000000c7100000|  0%| F|  |TAMS 0x00000000c7000000, 0x00000000c7000000| Untracked 
|  21|0x00000000c7100000, 0x00000000c7100000, 0x00000000c7200000|  0%| F|  |TAMS 0x00000000c7100000, 0x00000000c7100000| Untracked 
|  22|0x00000000c7200000, 0x00000000c7200000, 0x00000000c7300000|  0%| F|  |TAMS 0x00000000c7200000, 0x00000000c7200000| Untracked 
|  23|0x00000000c7300000, 0x00000000c7300000, 0x00000000c7400000|  0%| F|  |TAMS 0x00000000c7300000, 0x00000000c7300000| Untracked 
|  24|0x00000000c7400000, 0x00000000c7400000, 0x00000000c7500000|  0%| F|  |TAMS 0x00000000c7400000, 0x00000000c7400000| Untracked 
|  25|0x00000000c7500000, 0x00000000c7500000, 0x00000000c7600000|  0%| F|  |TAMS 0x00000000c7500000, 0x00000000c7500000| Untracked 
|  26|0x00000000c7600000, 0x00000000c7600000, 0x00000000c7700000|  0%| F|  |TAMS 0x00000000c7600000, 0x00000000c7600000| Untracked 
|  27|0x00000000c7700000, 0x00000000c7700000, 0x00000000c7800000|  0%| F|  |TAMS 0x00000000c7700000, 0x00000000c7700000| Untracked 
|  28|0x00000000c7800000, 0x00000000c7800000, 0x00000000c7900000|  0%| F|  |TAMS 0x00000000c7800000, 0x00000000c7800000| Untracked 
|  29|0x00000000c7900000, 0x00000000c7900000, 0x00000000c7a00000|  0%| F|  |TAMS 0x00000000c7900000, 0x00000000c7900000| Untracked 
|  30|0x00000000c7a00000, 0x00000000c7a00000, 0x00000000c7b00000|  0%| F|  |TAMS 0x00000000c7a00000, 0x00000000c7a00000| Untracked 
|  31|0x00000000c7b00000, 0x00000000c7b00000, 0x00000000c7c00000|  0%| F|  |TAMS 0x00000000c7b00000, 0x00000000c7b00000| Untracked 
|  32|0x00000000c7c00000, 0x00000000c7c00000, 0x00000000c7d00000|  0%| F|  |TAMS 0x00000000c7c00000, 0x00000000c7c00000| Untracked 
|  33|0x00000000c7d00000, 0x00000000c7d00000, 0x00000000c7e00000|  0%| F|  |TAMS 0x00000000c7d00000, 0x00000000c7d00000| Untracked 
|  34|0x00000000c7e00000, 0x00000000c7e00000, 0x00000000c7f00000|  0%| F|  |TAMS 0x00000000c7e00000, 0x00000000c7e00000| Untracked 
|  35|0x00000000c7f00000, 0x00000000c7f00000, 0x00000000c8000000|  0%| F|  |TAMS 0x00000000c7f00000, 0x00000000c7f00000| Untracked 
|  36|0x00000000c8000000, 0x00000000c8000000, 0x00000000c8100000|  0%| F|  |TAMS 0x00000000c8000000, 0x00000000c8000000| Untracked 
|  37|0x00000000c8100000, 0x00000000c8100000, 0x00000000c8200000|  0%| F|  |TAMS 0x00000000c8100000, 0x00000000c8100000| Untracked 
|  38|0x00000000c8200000, 0x00000000c8200000, 0x00000000c8300000|  0%| F|  |TAMS 0x00000000c8200000, 0x00000000c8200000| Untracked 
|  39|0x00000000c8300000, 0x00000000c8300000, 0x00000000c8400000|  0%| F|  |TAMS 0x00000000c8300000, 0x00000000c8300000| Untracked 
|  40|0x00000000c8400000, 0x00000000c8400000, 0x00000000c8500000|  0%| F|  |TAMS 0x00000000c8400000, 0x00000000c8400000| Untracked 
|  41|0x00000000c8500000, 0x00000000c8500000, 0x00000000c8600000|  0%| F|  |TAMS 0x00000000c8500000, 0x00000000c8500000| Untracked 
|  42|0x00000000c8600000, 0x00000000c8600000, 0x00000000c8700000|  0%| F|  |TAMS 0x00000000c8600000, 0x00000000c8600000| Untracked 
|  43|0x00000000c8700000, 0x00000000c87fdd00, 0x00000000c8800000| 99%| E|  |TAMS 0x00000000c8700000, 0x00000000c8700000| Complete 
|  44|0x00000000c8800000, 0x00000000c8900000, 0x00000000c8900000|100%| E|CS|TAMS 0x00000000c8800000, 0x00000000c8800000| Complete 
|  45|0x00000000c8900000, 0x00000000c8a00000, 0x00000000c8a00000|100%| S|CS|TAMS 0x00000000c8900000, 0x00000000c8900000| Complete 
|  46|0x00000000c8a00000, 0x00000000c8b00000, 0x00000000c8b00000|100%| S|CS|TAMS 0x00000000c8a00000, 0x00000000c8a00000| Complete 
|  47|0x00000000c8b00000, 0x00000000c8c00000, 0x00000000c8c00000|100%| E|CS|TAMS 0x00000000c8b00000, 0x00000000c8b00000| Complete 
|  48|0x00000000c8c00000, 0x00000000c8d00000, 0x00000000c8d00000|100%| E|CS|TAMS 0x00000000c8c00000, 0x00000000c8c00000| Complete 
|  49|0x00000000c8d00000, 0x00000000c8e00000, 0x00000000c8e00000|100%| E|CS|TAMS 0x00000000c8d00000, 0x00000000c8d00000| Complete 
|  50|0x00000000c8e00000, 0x00000000c8f00000, 0x00000000c8f00000|100%| E|CS|TAMS 0x00000000c8e00000, 0x00000000c8e00000| Complete 
|  51|0x00000000c8f00000, 0x00000000c9000000, 0x00000000c9000000|100%| E|CS|TAMS 0x00000000c8f00000, 0x00000000c8f00000| Complete 
|  52|0x00000000c9000000, 0x00000000c9100000, 0x00000000c9100000|100%| E|CS|TAMS 0x00000000c9000000, 0x00000000c9000000| Complete 
|  53|0x00000000c9100000, 0x00000000c9200000, 0x00000000c9200000|100%| E|CS|TAMS 0x00000000c9100000, 0x00000000c9100000| Complete 
|  54|0x00000000c9200000, 0x00000000c9300000, 0x00000000c9300000|100%| E|CS|TAMS 0x00000000c9200000, 0x00000000c9200000| Complete 
|  55|0x00000000c9300000, 0x00000000c9400000, 0x00000000c9400000|100%| E|CS|TAMS 0x00000000c9300000, 0x00000000c9300000| Complete 
|  56|0x00000000c9400000, 0x00000000c9500000, 0x00000000c9500000|100%| E|CS|TAMS 0x00000000c9400000, 0x00000000c9400000| Complete 
|  57|0x00000000c9500000, 0x00000000c9600000, 0x00000000c9600000|100%| E|CS|TAMS 0x00000000c9500000, 0x00000000c9500000| Complete 
|  58|0x00000000c9600000, 0x00000000c9700000, 0x00000000c9700000|100%| E|  |TAMS 0x00000000c9600000, 0x00000000c9600000| Complete 
|  59|0x00000000c9700000, 0x00000000c9800000, 0x00000000c9800000|100%| E|CS|TAMS 0x00000000c9700000, 0x00000000c9700000| Complete 
| 930|0x00000000ffe00000, 0x00000000ffe77000, 0x00000000fff00000| 46%|OA|  |TAMS 0x00000000ffe00000, 0x00000000ffe00000| Untracked 
| 931|0x00000000fff00000, 0x00000000fff83000, 0x0000000100000000| 51%|CA|  |TAMS 0x00000000fff00000, 0x00000000fff00000| Untracked 

Card table byte_map: [0x00007f2b85082000,0x00007f2b85254000] _byte_map_base: 0x00007f2b84a54000

Marking Bits (Prev, Next): (CMBitMap*) 0x00007f2b800542c0, (CMBitMap*) 0x00007f2b80054300
 Prev Bits: [0x00007f2b84020000, 0x00007f2b84eb0000)
 Next Bits: [0x00007f2b68370000, 0x00007f2b69200000)

Polling page: 0x00007f2b874f9000

Metaspace:

Usage:
  Non-class:      4.93 MB used.
      Class:    506.23 KB used.
       Both:      5.43 MB used.

Virtual space:
  Non-class space:        8.00 MB reserved,       5.00 MB ( 62%) committed,  1 nodes.
      Class space:        1.00 GB reserved,     576.00 KB ( <1%) committed,  1 nodes.
             Both:        1.01 GB reserved,       5.56 MB ( <1%) committed. 

Chunk freelists:
   Non-Class:  2.52 MB
       Class:  3.47 MB
        Both:  5.99 MB

MaxMetaspaceSize: unlimited
CompressedClassSpaceSize: 1.00 GB
Initial GC threshold: 21.00 MB
Current GC threshold: 21.00 MB
CDS: on
MetaspaceReclaimPolicy: balanced
 - commit_granule_bytes: 65536.
 - commit_granule_words: 8192.
 - virtual_space_node_default_size: 1048576.
 - enlarge_chunks_in_place: 1.
 - new_chunks_are_fully_committed: 0.
 - uncommit_free_chunks: 1.
 - use_allocation_guard: 0.
 - handle_deallocations: 1.


Internal statistics:

num_allocs_failed_limit: 0.
num_arena_births: 50.
num_arena_deaths: 0.
num_vsnodes_births: 2.
num_vsnodes_deaths: 0.
num_space_committed: 89.
num_space_uncommitted: 0.
num_chunks_returned_to_freelist: 0.
num_chunks_taken_from_freelist: 125.
num_chunk_merges: 0.
num_chunk_splits: 87.
num_chunks_enlarged: 60.
num_purges: 0.
num_inconsistent_stats: 0.

CodeHeap 'non-profiled nmethods': size=120032Kb used=717Kb max_used=717Kb free=119314Kb
 bounds [0x00007f2b70cc8000, 0x00007f2b70f38000, 0x00007f2b78200000]
CodeHeap 'profiled nmethods': size=120028Kb used=2790Kb max_used=2790Kb free=117237Kb
 bounds [0x00007f2b69791000, 0x00007f2b69a51000, 0x00007f2b70cc8000]
CodeHeap 'non-nmethods': size=5700Kb used=1150Kb max_used=1231Kb free=4549Kb
 bounds [0x00007f2b69200000, 0x00007f2b69470000, 0x00007f2b69791000]
 total_blobs=1709 nmethods=1264 adapters=359
 compilation: enabled
              stopped_count=0, restarted_count=0
 full_count=0

Compilation events (20 events):
Event: 24.867 Thread 0x00007f2b800cce80 1246       4       org.jacoco.agent.rt.internal_b6258fc.asm.commons.AnalyzerAdapter::get (44 bytes)
Event: 24.868 Thread 0x00007f2b800cce80 nmethod 1246 0x00007f2b70d7a710 code [0x00007f2b70d7a8a0, 0x00007f2b70d7a9f8]
Event: 24.868 Thread 0x00007f2b800cce80 1244       4       org.jacoco.agent.rt.internal_b6258fc.core.internal.flow.LabelInfo::needsProbe (36 bytes)
Event: 24.869 Thread 0x00007f2b800cce80 nmethod 1244 0x00007f2b70d7ab90 code [0x00007f2b70d7ad20, 0x00007f2b70d7add8]
Event: 26.769 Thread 0x00007f2b800ce3b0 1263       1       sun.instrument.TransformerManager::getSnapshotTransformerList (5 bytes)
Event: 26.769 Thread 0x00007f2b800ce3b0 nmethod 1263 0x00007f2b70d7ae90 code [0x00007f2b70d7b020, 0x00007f2b70d7b0f0]
Event: 26.816 Thread 0x00007f2b800ce3b0 1264       1       sun.instrument.TransformerManager$TransformerInfo::transformer (5 bytes)
Event: 26.816 Thread 0x00007f2b800ce3b0 nmethod 1264 0x00007f2b70d7b190 code [0x00007f2b70d7b320, 0x00007f2b70d7b3f0]
Event: 26.826 Thread 0x00007f2b800ce3b0 1265       3       java.util.concurrent.ConcurrentHashMap$Traverser::advance (188 bytes)
Event: 26.828 Thread 0x00007f2b800ce3b0 nmethod 1265 0x00007f2b69a48590 code [0x00007f2b69a487e0, 0x00007f2b69a493c0]
Event: 28.673 Thread 0x00007f2b800ce3b0 1266       3       java.nio.DirectLongBufferU::ix (10 bytes)
Event: 28.673 Thread 0x00007f2b800ce3b0 nmethod 1266 0x00007f2b69a49690 code [0x00007f2b69a49820, 0x00007f2b69a49930]
Event: 29.245 Thread 0x00007f2b800ce3b0 1267       1       java.nio.Buffer::capacity (5 bytes)
Event: 29.245 Thread 0x00007f2b800ce3b0 nmethod 1267 0x00007f2b70d7b490 code [0x00007f2b70d7b620, 0x00007f2b70d7b6f0]
Event: 29.245 Thread 0x00007f2b800ce3b0 1268       3       java.lang.ThreadLocal::getMap (5 bytes)
Event: 29.245 Thread 0x00007f2b800ce3b0 nmethod 1268 0x00007f2b69a49990 code [0x00007f2b69a49b20, 0x00007f2b69a49c30]
Event: 29.245 Thread 0x00007f2b800ce3b0 1269       3       java.nio.Buffer::limit (65 bytes)
Event: 29.245 Thread 0x00007f2b800ce3b0 nmethod 1269 0x00007f2b69a49d10 code [0x00007f2b69a49ec0, 0x00007f2b69a4a180]
Event: 29.245 Thread 0x00007f2b800ce3b0 1270   !   3       java.util.zip.Inflater::needsInput (55 bytes)
Event: 29.245 Thread 0x00007f2b800ce3b0 nmethod 1270 0x00007f2b69a4a290 code [0x00007f2b69a4a440, 0x00007f2b69a4a7f0]

GC Heap History (2 events):
Event: 10.396 GC heap before
{Heap before GC invocations=0 (full 0):
 garbage-first heap   total 63488K, used 14312K [0x00000000c5c00000, 0x0000000100000000)
  region size 1024K, 13 young (13312K), 0 survivors (0K)
 Metaspace       used 4137K, committed 4352K, reserved 1056768K
  class space    used 402K, committed 512K, reserved 1048576K
}
Event: 10.418 GC heap after
{Heap after GC invocations=1 (full 0):
 garbage-first heap   total 63488K, used 3697K [0x00000000c5c00000, 0x0000000100000000)
  region size 1024K, 2 young (2048K), 2 survivors (2048K)
 Metaspace       used 4137K, committed 4352K, reserved 1056768K
  class space    used 402K, committed 512K, reserved 1048576K
}

Dll operation events (11 events):
Event: 0.302 Loaded shared library /usr/lib/jvm/java-17-openjdk-amd64/lib/libjava.so
Event: 0.317 Loaded shared library /usr/lib/jvm/java-17-openjdk-amd64/lib/libzip.so
Event: 1.450 Loaded shared library /usr/lib/jvm/java-17-openjdk-amd64/lib/libjsvml.so
Event: 1.852 Loaded shared library /usr/lib/jvm/java-17-openjdk-amd64/lib/libinstrument.so
Event: 1.911 Loaded shared library /usr/lib/jvm/java-17-openjdk-amd64/lib/libnio.so
Event: 2.044 Loaded shared library /usr/lib/jvm/java-17-openjdk-amd64/lib/libzip.so
Event: 4.937 Loaded shared library /usr/lib/jvm/java-17-openjdk-amd64/lib/libjimage.so
Event: 7.383 Loaded shared library /usr/lib/jvm/java-17-openjdk-amd64/lib/libverify.so
Event: 7.504 Loaded shared library /usr/lib/jvm/java-17-openjdk-amd64/lib/libnet.so
Event: 7.622 Loaded shared library /usr/lib/jvm/java-17-openjdk-amd64/lib/libextnet.so
Event: 20.804 Loaded shared library /tmp/libgdxmiaro/2d27742a/libgdx64.so

Deoptimization events (20 events):
Event: 14.071 Thread 0x00007f2b80018540 Uncommon trap: trap_request=0xffffff45 fr.pc=0x00007f2b70d0588c relative=0x000000000000006c
Event: 14.071 Thread 0x00007f2b80018540 Uncommon trap: reason=unstable_if action=reinterpret pc=0x00007f2b70d0588c method=java.util.jar.JarFile.checkForSpecialAttributes()V @ 4 c2
Event: 14.071 Thread 0x00007f2b80018540 DEOPT PACKING pc=0x00007f2b70d0588c sp=0x00007f2b85dfdb80
Event: 14.071 Thread 0x00007f2b80018540 DEOPT UNPACKING pc=0x00007f2b69252099 sp=0x00007f2b85dfda98 mode 2
Event: 18.578 Thread 0x00007f2b80018540 Uncommon trap: trap_request=0xffffff45 fr.pc=0x00007f2b70d08a58 relative=0x0000000000000c58
Event: 18.578 Thread 0x00007f2b80018540 Uncommon trap: reason=unstable_if action=reinterpret pc=0x00007f2b70d08a58 method=java.util.jar.JarFile.checkForSpecialAttributes()V @ 4 c2
Event: 18.578 Thread 0x00007f2b80018540 DEOPT PACKING pc=0x00007f2b70d08a58 sp=0x00007f2b85dfe2c0
Event: 18.578 Thread 0x00007f2b80018540 DEOPT UNPACKING pc=0x00007f2b69252099 sp=0x00007f2b85dfe1b8 mode 2
Event: 20.848 Thread 0x00007f2b80018540 Uncommon trap: trap_request=0xffffffe4 fr.pc=0x00007f2b70d21718 relative=0x0000000000007bb8
Event: 20.848 Thread 0x00007f2b80018540 Uncommon trap: reason=range_check action=make_not_entrant pc=0x00007f2b70d21718 method=java.lang.StringLatin1.charAt([BI)C @ 21 c2
Event: 20.848 Thread 0x00007f2b80018540 DEOPT PACKING pc=0x00007f2b70d21718 sp=0x00007f2b85dfa760
Event: 20.848 Thread 0x00007f2b80018540 DEOPT UNPACKING pc=0x00007f2b69252099 sp=0x00007f2b85dfa5a8 mode 2
Event: 21.718 Thread 0x00007f2b80018540 Uncommon trap: trap_request=0xffffff45 fr.pc=0x00007f2b70d351ec relative=0x00000000000079ac
Event: 21.718 Thread 0x00007f2b80018540 Uncommon trap: reason=unstable_if action=reinterpret pc=0x00007f2b70d351ec method=org.jacoco.agent.rt.internal_b6258fc.asm.commons.AnalyzerAdapter.execute(IILjava/lang/String;)V @ 1753 c2
Event: 21.718 Thread 0x00007f2b80018540 DEOPT PACKING pc=0x00007f2b70d351ec sp=0x00007f2b85dfb5b0
Event: 21.718 Thread 0x00007f2b80018540 DEOPT UNPACKING pc=0x00007f2b69252099 sp=0x00007f2b85dfb590 mode 2
Event: 21.859 Thread 0x00007f2b80018540 DEOPT PACKING pc=0x00007f2b699a990e sp=0x00007f2b85dfaf60
Event: 21.859 Thread 0x00007f2b80018540 DEOPT UNPACKING pc=0x00007f2b6925282f sp=0x00007f2b85dfa488 mode 0
Event: 21.954 Thread 0x00007f2b80018540 DEOPT PACKING pc=0x00007f2b6993d042 sp=0x00007f2b85dfa030
Event: 21.954 Thread 0x00007f2b80018540 DEOPT UNPACKING pc=0x00007f2b6925282f sp=0x00007f2b85df94f0 mode 0

Classes unloaded (0 events):
No events

Classes redefined (0 events):
No events

Internal exceptions (17 events):
Event: 2.042 Thread 0x00007f2b80018540 Implicit null exception at 0x00007f2b70cd24d5 to 0x00007f2b70cd263c
Event: 7.514 Thread 0x00007f2b80018540 Exception <a 'java/lang/NoSuchMethodError'{0x00000000c907b268}: 'java.lang.Object java.lang.invoke.DirectMethodHandle$Holder.invokeStaticInit(java.lang.Object)'> (0x00000000c907b268) 
thrown [./src/hotspot/share/interpreter/linkResolver.cpp, line 758]
Event: 7.626 Thread 0x00007f2b80018540 Exception <a 'java/lang/NoSuchMethodError'{0x00000000c9089870}: 'void java.lang.invoke.DirectMethodHandle$Holder.invokeStatic(java.lang.Object, java.lang.Object)'> (0x00000000c9089870) 
thrown [./src/hotspot/share/interpreter/linkResolver.cpp, line 758]
Event: 7.716 Thread 0x00007f2b80018540 Implicit null exception at 0x00007f2b70cea40e to 0x00007f2b70cea668
Event: 7.717 Thread 0x00007f2b80018540 Exception <a 'java/lang/NoSuchMethodError'{0x00000000c8f04660}: 'void java.lang.invoke.DirectMethodHandle$Holder.invokeStatic(java.lang.Object, java.lang.Object, java.lang.Object)'> (0x00000000c8f04660) 
thrown [./src/hotspot/share/interpreter/linkResolver.cpp, line 758]
Event: 7.720 Thread 0x00007f2b80018540 Exception <a 'java/lang/NoSuchMethodError'{0x00000000c8f0ad50}: 'void java.lang.invoke.DirectMethodHandle$Holder.invokeStatic(java.lang.Object, java.lang.Object, java.lang.Object, java.lang.Object)'> (0x00000000c8f0ad50) 
thrown [./src/hotspot/share/interpreter/linkResolver.cpp, line 758]
Event: 22.229 Thread 0x00007f2b80018540 Exception <a 'java/lang/NoSuchMethodError'{0x00000000c8bb6cd8}: 'void java.lang.invoke.DirectMethodHandle$Holder.invokeSpecial(java.lang.Object, java.lang.Object, java.lang.Object)'> (0x00000000c8bb6cd8) 
thrown [./src/hotspot/share/interpreter/linkResolver.cpp, line 758]
Event: 22.332 Thread 0x00007f2b80018540 Exception <a 'java/lang/NoSuchMethodError'{0x00000000c8bcfc30}: 'java.lang.Object java.lang.invoke.DirectMethodHandle$Holder.invokeStatic(java.lang.Object, java.lang.Object, int)'> (0x00000000c8bcfc30) 
thrown [./src/hotspot/share/interpreter/linkResolver.cpp, line 758]
Event: 22.338 Thread 0x00007f2b80018540 Exception <a 'java/lang/NoSuchMethodError'{0x00000000c8bdb968}: 'void java.lang.invoke.DelegatingMethodHandle$Holder.delegate(java.lang.Object, java.lang.Object, int, java.lang.Object)'> (0x00000000c8bdb968) 
thrown [./src/hotspot/share/interpreter/linkResolver.cpp, line 758]
Event: 22.350 Thread 0x00007f2b80018540 Exception <a 'java/lang/NoSuchMethodError'{0x00000000c8bdfa78}: 'int java.lang.invoke.DirectMethodHandle$Holder.invokeSpecial(java.lang.Object, java.lang.Object, java.lang.Object)'> (0x00000000c8bdfa78) 
thrown [./src/hotspot/share/interpreter/linkResolver.cpp, line 758]
Event: 26.865 Thread 0x00007f2b80018540 Exception <a 'sun/nio/fs/UnixException'{0x00000000c87d65d0}> (0x00000000c87d65d0) 
thrown [./src/hotspot/share/prims/jni.cpp, line 516]
Event: 27.503 Thread 0x00007f2b80018540 Exception <a 'sun/nio/fs/UnixException'{0x00000000c87d7990}> (0x00000000c87d7990) 
thrown [./src/hotspot/share/prims/jni.cpp, line 516]
Event: 27.504 Thread 0x00007f2b80018540 Exception <a 'sun/nio/fs/UnixException'{0x00000000c87d7f60}> (0x00000000c87d7f60) 
thrown [./src/hotspot/share/prims/jni.cpp, line 516]
Event: 27.504 Thread 0x00007f2b80018540 Exception <a 'sun/nio/fs/UnixException'{0x00000000c87d86a8}> (0x00000000c87d86a8) 
thrown [./src/hotspot/share/prims/jni.cpp, line 516]
Event: 28.672 Thread 0x00007f2b80018540 Exception <a 'sun/nio/fs/UnixException'{0x00000000c87e8728}> (0x00000000c87e8728) 
thrown [./src/hotspot/share/prims/jni.cpp, line 516]
Event: 28.674 Thread 0x00007f2b80018540 Exception <a 'sun/nio/fs/UnixException'{0x00000000c87ef6d0}> (0x00000000c87ef6d0) 
thrown [./src/hotspot/share/prims/jni.cpp, line 516]
Event: 29.245 Thread 0x00007f2b80018540 Exception <a 'sun/nio/fs/UnixException'{0x00000000c87f6180}> (0x00000000c87f6180) 
thrown [./src/hotspot/share/prims/jni.cpp, line 516]

VM Operations (20 events):
Event: 12.418 Executing VM operation: Cleanup
Event: 12.420 Executing VM operation: Cleanup done
Event: 13.420 Executing VM operation: Cleanup
Event: 13.420 Executing VM operation: Cleanup done
Event: 14.420 Executing VM operation: Cleanup
Event: 16.150 Executing VM operation: Cleanup done
Event: 18.237 Executing VM operation: HandshakeAllThreads
Event: 18.237 Executing VM operation: HandshakeAllThreads done
Event: 18.238 Executing VM operation: HandshakeAllThreads
Event: 18.238 Executing VM operation: HandshakeAllThreads done
Event: 19.238 Executing VM operation: Cleanup
Event: 19.238 Executing VM operation: Cleanup done
Event: 21.238 Executing VM operation: Cleanup
Event: 21.238 Executing VM operation: Cleanup done
Event: 22.238 Executing VM operation: Cleanup
Event: 22.255 Executing VM operation: Cleanup done
Event: 22.331 Executing VM operation: HandshakeAllThreads
Event: 22.331 Executing VM operation: HandshakeAllThreads done
Event: 23.332 Executing VM operation: Cleanup
Event: 23.455 Executing VM operation: Cleanup done

Events (20 events):
Event: 27.504 loading class java/nio/file/FileAlreadyExistsException
Event: 27.504 loading class java/nio/file/FileAlreadyExistsException done
Event: 27.505 loading class java/nio/file/Path$1
Event: 27.505 loading class java/nio/file/Path$1 done
Event: 28.534 loading class java/util/Formatter$FixedString
Event: 28.670 loading class java/util/Formatter$FixedString done
Event: 28.674 loading class java/nio/file/StandardCopyOption
Event: 28.674 loading class java/nio/file/StandardCopyOption done
Event: 29.240 loading class java/nio/channels/SelectableChannel
Event: 29.240 loading class java/nio/channels/SelectableChannel done
Event: 29.244 loading class sun/nio/ch/FileLockImpl
Event: 29.244 loading class java/nio/channels/FileLock
Event: 29.244 loading class java/nio/channels/FileLock done
Event: 29.244 loading class sun/nio/ch/FileLockImpl done
Event: 29.244 loading class sun/nio/ch/FileLockTable
Event: 29.244 loading class sun/nio/ch/FileLockTable done
Event: 29.244 loading class sun/nio/ch/FileKey
Event: 29.244 loading class sun/nio/ch/FileKey done
Event: 29.244 loading class sun/nio/ch/FileLockTable$FileLockReference
Event: 29.244 loading class sun/nio/ch/FileLockTable$FileLockReference done


Dynamic libraries:
c5c00000-c9800000 rw-p 00000000 00:00 0 
c9800000-ffe00000 ---p 00000000 00:00 0 
ffe00000-ffe77000 rw-p 00c9f000 08:07 10252921                           /usr/lib/jvm/java-17-openjdk-amd64/lib/server/classes.jsa
ffe77000-fff00000 rw-p 00000000 00:00 0 
fff00000-fff83000 rw-p 00c1c000 08:07 10252921                           /usr/lib/jvm/java-17-openjdk-amd64/lib/server/classes.jsa
fff83000-100000000 rw-p 00000000 00:00 0 
800000000-800459000 rw-p 00001000 08:07 10252921                         /usr/lib/jvm/java-17-openjdk-amd64/lib/server/classes.jsa
800459000-800be3000 r--p 0045a000 08:07 10252921                         /usr/lib/jvm/java-17-openjdk-amd64/lib/server/classes.jsa
800be3000-800c00000 ---p 00000000 00:00 0 
800c00000-800c20000 rw-p 00000000 00:00 0 
800c20000-800c40000 rw-p 00000000 00:00 0 
800c40000-800c90000 rw-p 00000000 00:00 0 
800c90000-840c00000 ---p 00000000 00:00 0 
55ce2dc29000-55ce2dc2a000 r--p 00000000 08:07 10252769                   /usr/lib/jvm/java-17-openjdk-amd64/bin/java
55ce2dc2a000-55ce2dc2b000 r-xp 00001000 08:07 10252769                   /usr/lib/jvm/java-17-openjdk-amd64/bin/java
55ce2dc2b000-55ce2dc2c000 r--p 00002000 08:07 10252769                   /usr/lib/jvm/java-17-openjdk-amd64/bin/java
55ce2dc2c000-55ce2dc2d000 r--p 00002000 08:07 10252769                   /usr/lib/jvm/java-17-openjdk-amd64/bin/java
55ce2dc2d000-55ce2dc2e000 rw-p 00003000 08:07 10252769                   /usr/lib/jvm/java-17-openjdk-amd64/bin/java
55ce2eb73000-55ce2ebbc000 rw-p 00000000 00:00 0                          [heap]
7f2b0c000000-7f2b0c021000 rw-p 00000000 00:00 0 
7f2b0c021000-7f2b10000000 ---p 00000000 00:00 0 
7f2b14000000-7f2b14021000 rw-p 00000000 00:00 0 
7f2b14021000-7f2b18000000 ---p 00000000 00:00 0 
7f2b1b600000-7f2b1b66b000 r-xp 00000000 08:07 3840160                    /home/miaro/.lwjgl/3.3.1-build-7/liblwjgl.so
7f2b1b66b000-7f2b1b86a000 ---p 0006b000 08:07 3840160                    /home/miaro/.lwjgl/3.3.1-build-7/liblwjgl.so
7f2b1b86a000-7f2b1b86c000 rw-p 0006a000 08:07 3840160                    /home/miaro/.lwjgl/3.3.1-build-7/liblwjgl.so
7f2b1ba00000-7f2b1ba21000 r-xp 00000000 08:07 8913299                    /tmp/libgdxmiaro/2d27742a/libgdx64.so
7f2b1ba21000-7f2b1bc20000 ---p 00021000 08:07 8913299                    /tmp/libgdxmiaro/2d27742a/libgdx64.so
7f2b1bc20000-7f2b1bc21000 r--p 00020000 08:07 8913299                    /tmp/libgdxmiaro/2d27742a/libgdx64.so
7f2b1bc21000-7f2b1bc22000 rw-p 00021000 08:07 8913299                    /tmp/libgdxmiaro/2d27742a/libgdx64.so
7f2b1bdfc000-7f2b1bdfd000 ---p 00000000 00:00 0 
7f2b1bdfd000-7f2b1befe000 rw-p 00000000 00:00 0 
7f2b1befe000-7f2b1beff000 ---p 00000000 00:00 0 
7f2b1beff000-7f2b1c000000 rw-p 00000000 00:00 0 
7f2b1c000000-7f2b1c021000 rw-p 00000000 00:00 0 
7f2b1c021000-7f2b20000000 ---p 00000000 00:00 0 
7f2b20000000-7f2b20021000 rw-p 00000000 00:00 0 
7f2b20021000-7f2b24000000 ---p 00000000 00:00 0 
7f2b24000000-7f2b24021000 rw-p 00000000 00:00 0 
7f2b24021000-7f2b28000000 ---p 00000000 00:00 0 
7f2b28000000-7f2b28021000 rw-p 00000000 00:00 0 
7f2b28021000-7f2b2c000000 ---p 00000000 00:00 0 
7f2b2c000000-7f2b2c4d9000 rw-p 00000000 00:00 0 
7f2b2c4d9000-7f2b30000000 ---p 00000000 00:00 0 
7f2b30000000-7f2b30021000 rw-p 00000000 00:00 0 
7f2b30021000-7f2b34000000 ---p 00000000 00:00 0 
7f2b34000000-7f2b34021000 rw-p 00000000 00:00 0 
7f2b34021000-7f2b38000000 ---p 00000000 00:00 0 
7f2b38000000-7f2b3a181000 rw-p 00000000 00:00 0 
7f2b3a181000-7f2b3c000000 ---p 00000000 00:00 0 
7f2b3c000000-7f2b3c021000 rw-p 00000000 00:00 0 
7f2b3c021000-7f2b40000000 ---p 00000000 00:00 0 
7f2b40000000-7f2b40021000 rw-p 00000000 00:00 0 
7f2b40021000-7f2b44000000 ---p 00000000 00:00 0 
7f2b44000000-7f2b44021000 rw-p 00000000 00:00 0 
7f2b44021000-7f2b48000000 ---p 00000000 00:00 0 
7f2b48000000-7f2b48021000 rw-p 00000000 00:00 0 
7f2b48021000-7f2b4c000000 ---p 00000000 00:00 0 
7f2b4c000000-7f2b4c021000 rw-p 00000000 00:00 0 
7f2b4c021000-7f2b50000000 ---p 00000000 00:00 0 
7f2b50000000-7f2b50021000 rw-p 00000000 00:00 0 
7f2b50021000-7f2b54000000 ---p 00000000 00:00 0 
7f2b54000000-7f2b54021000 rw-p 00000000 00:00 0 
7f2b54021000-7f2b58000000 ---p 00000000 00:00 0 
7f2b580fe000-7f2b580ff000 ---p 00000000 00:00 0 
7f2b580ff000-7f2b58200000 rw-p 00000000 00:00 0 
7f2b58200000-7f2b58204000 ---p 00000000 00:00 0 
7f2b58204000-7f2b58300000 rw-p 00000000 00:00 0 
7f2b58300000-7f2b58304000 ---p 00000000 00:00 0 
7f2b58304000-7f2b58400000 rw-p 00000000 00:00 0 
7f2b58400000-7f2b58404000 ---p 00000000 00:00 0 
7f2b58404000-7f2b58500000 rw-p 00000000 00:00 0 
7f2b58500000-7f2b58504000 ---p 00000000 00:00 0 
7f2b58504000-7f2b58600000 rw-p 00000000 00:00 0 
7f2b58600000-7f2b58604000 ---p 00000000 00:00 0 
7f2b58604000-7f2b58700000 rw-p 00000000 00:00 0 
7f2b58700000-7f2b58704000 ---p 00000000 00:00 0 
7f2b58704000-7f2b58800000 rw-p 00000000 00:00 0 
7f2b58800000-7f2b58804000 ---p 00000000 00:00 0 
7f2b58804000-7f2b58900000 rw-p 00000000 00:00 0 
7f2b58900000-7f2b58904000 ---p 00000000 00:00 0 
7f2b58904000-7f2b58a00000 rw-p 00000000 00:00 0 
7f2b58a00000-7f2b58ce9000 r--p 00000000 08:07 9961870                    /usr/lib/locale/locale-archive
7f2b58d00000-7f2b58d04000 ---p 00000000 00:00 0 
7f2b58d04000-7f2b58e00000 rw-p 00000000 00:00 0 
7f2b58e00000-7f2b58e04000 ---p 00000000 00:00 0 
7f2b58e04000-7f2b58f00000 rw-p 00000000 00:00 0 
7f2b58f00000-7f2b58f04000 ---p 00000000 00:00 0 
7f2b58f04000-7f2b59380000 rw-p 00000000 00:00 0 
7f2b59380000-7f2b59400000 ---p 00000000 00:00 0 
7f2b59400000-7f2b59580000 rw-p 00000000 00:00 0 
7f2b59580000-7f2b59800000 ---p 00000000 00:00 0 
7f2b598a5000-7f2b598a6000 ---p 00000000 00:00 0 
7f2b598a6000-7f2b599a7000 rw-p 00000000 00:00 0 
7f2b599a7000-7f2b599ac000 r--p 00000000 08:07 10252903                   /usr/lib/jvm/java-17-openjdk-amd64/lib/libjsvml.so
7f2b599ac000-7f2b599ed000 r-xp 00005000 08:07 10252903                   /usr/lib/jvm/java-17-openjdk-amd64/lib/libjsvml.so
7f2b599ed000-7f2b59a76000 r--p 00046000 08:07 10252903                   /usr/lib/jvm/java-17-openjdk-amd64/lib/libjsvml.so
7f2b59a76000-7f2b59a77000 r--p 000ce000 08:07 10252903                   /usr/lib/jvm/java-17-openjdk-amd64/lib/libjsvml.so
7f2b59a77000-7f2b59a78000 rw-p 000cf000 08:07 10252903                   /usr/lib/jvm/java-17-openjdk-amd64/lib/libjsvml.so
7f2b59a78000-7f2b59af9000 rw-p 00000000 00:00 0 
7f2b59af9000-7f2b59afa000 ---p 00000000 00:00 0 
7f2b59afa000-7f2b59bfb000 rw-p 00000000 00:00 0 
7f2b59bfb000-7f2b59bfc000 ---p 00000000 00:00 0 
7f2b59bfc000-7f2b5c000000 rw-p 00000000 00:00 0 
7f2b5c000000-7f2b5c021000 rw-p 00000000 00:00 0 
7f2b5c021000-7f2b60000000 ---p 00000000 00:00 0 
7f2b60000000-7f2b60021000 rw-p 00000000 00:00 0 
7f2b60021000-7f2b64000000 ---p 00000000 00:00 0 
7f2b64000000-7f2b64021000 rw-p 00000000 00:00 0 
7f2b64021000-7f2b68000000 ---p 00000000 00:00 0 
7f2b6806b000-7f2b6816c000 rw-p 00000000 00:00 0 
7f2b6816c000-7f2b6816d000 ---p 00000000 00:00 0 
7f2b6816d000-7f2b6826e000 rw-p 00000000 00:00 0 
7f2b6826e000-7f2b6826f000 ---p 00000000 00:00 0 
7f2b6826f000-7f2b68460000 rw-p 00000000 00:00 0 
7f2b68460000-7f2b691f8000 ---p 00000000 00:00 0 
7f2b691f8000-7f2b69200000 rw-p 00000000 00:00 0 
7f2b69200000-7f2b69470000 rwxp 00000000 00:00 0 
7f2b69470000-7f2b69791000 ---p 00000000 00:00 0 
7f2b69791000-7f2b69a51000 rwxp 00000000 00:00 0 
7f2b69a51000-7f2b70cc8000 ---p 00000000 00:00 0 
7f2b70cc8000-7f2b70f38000 rwxp 00000000 00:00 0 
7f2b70f38000-7f2b78200000 ---p 00000000 00:00 0 
7f2b78200000-7f2b7fefe000 r--s 00000000 08:07 10252918                   /usr/lib/jvm/java-17-openjdk-amd64/lib/modules
7f2b7fefe000-7f2b7feff000 ---p 00000000 00:00 0 
7f2b7feff000-7f2b80000000 rw-p 00000000 00:00 0 
7f2b80000000-7f2b805b5000 rw-p 00000000 00:00 0 
7f2b805b5000-7f2b84000000 ---p 00000000 00:00 0 
7f2b84020000-7f2b84110000 rw-p 00000000 00:00 0 
7f2b84110000-7f2b84ea8000 ---p 00000000 00:00 0 
7f2b84ea8000-7f2b84ece000 rw-p 00000000 00:00 0 
7f2b84ece000-7f2b85081000 ---p 00000000 00:00 0 
7f2b85081000-7f2b850a0000 rw-p 00000000 00:00 0 
7f2b850a0000-7f2b85253000 ---p 00000000 00:00 0 
7f2b85253000-7f2b85272000 rw-p 00000000 00:00 0 
7f2b85272000-7f2b85425000 ---p 00000000 00:00 0 
7f2b85425000-7f2b8582f000 rw-p 00000000 00:00 0 
7f2b8582f000-7f2b85915000 ---p 00000000 00:00 0 
7f2b85915000-7f2b8591b000 rw-p 00000000 00:00 0 
7f2b8591b000-7f2b85a00000 ---p 00000000 00:00 0 
7f2b85a00000-7f2b85a99000 r--p 00000000 08:07 9962341                    /usr/lib/x86_64-linux-gnu/libstdc++.so.6.0.30
7f2b85a99000-7f2b85b9a000 r-xp 00099000 08:07 9962341                    /usr/lib/x86_64-linux-gnu/libstdc++.so.6.0.30
7f2b85b9a000-7f2b85c09000 r--p 0019a000 08:07 9962341                    /usr/lib/x86_64-linux-gnu/libstdc++.so.6.0.30
7f2b85c09000-7f2b85c14000 r--p 00209000 08:07 9962341                    /usr/lib/x86_64-linux-gnu/libstdc++.so.6.0.30
7f2b85c14000-7f2b85c17000 rw-p 00214000 08:07 9962341                    /usr/lib/x86_64-linux-gnu/libstdc++.so.6.0.30
7f2b85c17000-7f2b85c1a000 rw-p 00000000 00:00 0 
7f2b85c2c000-7f2b85c33000 r--s 00000000 08:07 9964484                    /usr/lib/x86_64-linux-gnu/gconv/gconv-modules.cache
7f2b85c33000-7f2b85c34000 r--p 00000000 08:07 10252889                   /usr/lib/jvm/java-17-openjdk-amd64/lib/libextnet.so
7f2b85c34000-7f2b85c35000 r-xp 00001000 08:07 10252889                   /usr/lib/jvm/java-17-openjdk-amd64/lib/libextnet.so
7f2b85c35000-7f2b85c36000 r--p 00002000 08:07 10252889                   /usr/lib/jvm/java-17-openjdk-amd64/lib/libextnet.so
7f2b85c36000-7f2b85c37000 r--p 00002000 08:07 10252889                   /usr/lib/jvm/java-17-openjdk-amd64/lib/libextnet.so
7f2b85c37000-7f2b85c38000 rw-p 00003000 08:07 10252889                   /usr/lib/jvm/java-17-openjdk-amd64/lib/libextnet.so
7f2b85c38000-7f2b85c3c000 r--p 00000000 08:07 10252909                   /usr/lib/jvm/java-17-openjdk-amd64/lib/libnet.so
7f2b85c3c000-7f2b85c4a000 r-xp 00004000 08:07 10252909                   /usr/lib/jvm/java-17-openjdk-amd64/lib/libnet.so
7f2b85c4a000-7f2b85c4e000 r--p 00012000 08:07 10252909                   /usr/lib/jvm/java-17-openjdk-amd64/lib/libnet.so
7f2b85c4e000-7f2b85c4f000 r--p 00015000 08:07 10252909                   /usr/lib/jvm/java-17-openjdk-amd64/lib/libnet.so
7f2b85c4f000-7f2b85c50000 rw-p 00016000 08:07 10252909                   /usr/lib/jvm/java-17-openjdk-amd64/lib/libnet.so
7f2b85c50000-7f2b85c56000 r--p 00000000 08:07 10252910                   /usr/lib/jvm/java-17-openjdk-amd64/lib/libnio.so
7f2b85c56000-7f2b85c5e000 r-xp 00006000 08:07 10252910                   /usr/lib/jvm/java-17-openjdk-amd64/lib/libnio.so
7f2b85c5e000-7f2b85c62000 r--p 0000e000 08:07 10252910                   /usr/lib/jvm/java-17-openjdk-amd64/lib/libnio.so
7f2b85c62000-7f2b85c63000 r--p 00012000 08:07 10252910                   /usr/lib/jvm/java-17-openjdk-amd64/lib/libnio.so
7f2b85c63000-7f2b85c64000 rw-p 00013000 08:07 10252910                   /usr/lib/jvm/java-17-openjdk-amd64/lib/libnio.so
7f2b85c64000-7f2b85d00000 rw-p 00000000 00:00 0 
7f2b85d00000-7f2b85d04000 ---p 00000000 00:00 0 
7f2b85d04000-7f2b85e00000 rw-p 00000000 00:00 0 
7f2b85e00000-7f2b86050000 r--p 00000000 08:07 10252924                   /usr/lib/jvm/java-17-openjdk-amd64/lib/server/libjvm.so
7f2b86050000-7f2b86dad000 r-xp 00250000 08:07 10252924                   /usr/lib/jvm/java-17-openjdk-amd64/lib/server/libjvm.so
7f2b86dad000-7f2b8702d000 r--p 00fad000 08:07 10252924                   /usr/lib/jvm/java-17-openjdk-amd64/lib/server/libjvm.so
7f2b8702d000-7f2b870e5000 r--p 0122c000 08:07 10252924                   /usr/lib/jvm/java-17-openjdk-amd64/lib/server/libjvm.so
7f2b870e5000-7f2b8711a000 rw-p 012e4000 08:07 10252924                   /usr/lib/jvm/java-17-openjdk-amd64/lib/server/libjvm.so
7f2b8711a000-7f2b87173000 rw-p 00000000 00:00 0 
7f2b87174000-7f2b87178000 r--p 00000000 08:07 10252916                   /usr/lib/jvm/java-17-openjdk-amd64/lib/libverify.so
7f2b87178000-7f2b8717f000 r-xp 00004000 08:07 10252916                   /usr/lib/jvm/java-17-openjdk-amd64/lib/libverify.so
7f2b8717f000-7f2b87181000 r--p 0000b000 08:07 10252916                   /usr/lib/jvm/java-17-openjdk-amd64/lib/libverify.so
7f2b87181000-7f2b87183000 r--p 0000c000 08:07 10252916                   /usr/lib/jvm/java-17-openjdk-amd64/lib/libverify.so
7f2b87183000-7f2b87184000 rw-p 0000e000 08:07 10252916                   /usr/lib/jvm/java-17-openjdk-amd64/lib/libverify.so
7f2b87184000-7f2b871a8000 rw-p 00000000 00:00 0 
7f2b871a8000-7f2b871af000 ---p 00000000 00:00 0 
7f2b871af000-7f2b871b1000 r--p 00000000 08:07 10252917                   /usr/lib/jvm/java-17-openjdk-amd64/lib/libzip.so
7f2b871b1000-7f2b871b5000 r-xp 00002000 08:07 10252917                   /usr/lib/jvm/java-17-openjdk-amd64/lib/libzip.so
7f2b871b5000-7f2b871b7000 r--p 00006000 08:07 10252917                   /usr/lib/jvm/java-17-openjdk-amd64/lib/libzip.so
7f2b871b7000-7f2b871b8000 r--p 00007000 08:07 10252917                   /usr/lib/jvm/java-17-openjdk-amd64/lib/libzip.so
7f2b871b8000-7f2b871b9000 rw-p 00008000 08:07 10252917                   /usr/lib/jvm/java-17-openjdk-amd64/lib/libzip.so
7f2b871b9000-7f2b871c1000 rw-s 00000000 08:07 8913324                    /tmp/hsperfdata_miaro/18908
7f2b871c1000-7f2b871cd000 r--p 00000000 08:07 10252896                   /usr/lib/jvm/java-17-openjdk-amd64/lib/libjava.so
7f2b871cd000-7f2b871de000 r-xp 0000c000 08:07 10252896                   /usr/lib/jvm/java-17-openjdk-amd64/lib/libjava.so
7f2b871de000-7f2b871e4000 r--p 0001d000 08:07 10252896                   /usr/lib/jvm/java-17-openjdk-amd64/lib/libjava.so
7f2b871e4000-7f2b871e5000 r--p 00022000 08:07 10252896                   /usr/lib/jvm/java-17-openjdk-amd64/lib/libjava.so
7f2b871e5000-7f2b871e6000 rw-p 00023000 08:07 10252896                   /usr/lib/jvm/java-17-openjdk-amd64/lib/libjava.so
7f2b871e6000-7f2b871e7000 rw-p 00000000 00:00 0 
7f2b871e7000-7f2b871ea000 r--p 00000000 08:07 10001866                   /usr/lib/x86_64-linux-gnu/libgcc_s.so.1
7f2b871ea000-7f2b87201000 r-xp 00003000 08:07 10001866                   /usr/lib/x86_64-linux-gnu/libgcc_s.so.1
7f2b87201000-7f2b87205000 r--p 0001a000 08:07 10001866                   /usr/lib/x86_64-linux-gnu/libgcc_s.so.1
7f2b87205000-7f2b87206000 r--p 0001d000 08:07 10001866                   /usr/lib/x86_64-linux-gnu/libgcc_s.so.1
7f2b87206000-7f2b87207000 rw-p 0001e000 08:07 10001866                   /usr/lib/x86_64-linux-gnu/libgcc_s.so.1
7f2b87207000-7f2b87217000 r--p 00000000 08:07 9961500                    /usr/lib/x86_64-linux-gnu/libm.so.6
7f2b87217000-7f2b8728a000 r-xp 00010000 08:07 9961500                    /usr/lib/x86_64-linux-gnu/libm.so.6
7f2b8728a000-7f2b872e4000 r--p 00083000 08:07 9961500                    /usr/lib/x86_64-linux-gnu/libm.so.6
7f2b872e4000-7f2b872e5000 r--p 000dc000 08:07 9961500                    /usr/lib/x86_64-linux-gnu/libm.so.6
7f2b872e5000-7f2b872e6000 rw-p 000dd000 08:07 9961500                    /usr/lib/x86_64-linux-gnu/libm.so.6
7f2b872e6000-7f2b872e9000 rw-p 00000000 00:00 0 
7f2b872e9000-7f2b872ec000 r--p 00000000 08:07 9963695                    /usr/lib/x86_64-linux-gnu/libz.so.1.2.11
7f2b872ec000-7f2b872fe000 r-xp 00003000 08:07 9963695                    /usr/lib/x86_64-linux-gnu/libz.so.1.2.11
7f2b872fe000-7f2b87304000 r--p 00015000 08:07 9963695                    /usr/lib/x86_64-linux-gnu/libz.so.1.2.11
7f2b87304000-7f2b87305000 r--p 0001b000 08:07 9963695                    /usr/lib/x86_64-linux-gnu/libz.so.1.2.11
7f2b87305000-7f2b87306000 rw-p 0001c000 08:07 9963695                    /usr/lib/x86_64-linux-gnu/libz.so.1.2.11
7f2b87306000-7f2b8732c000 r--p 00000000 08:07 9961497                    /usr/lib/x86_64-linux-gnu/libc.so.6
7f2b8732c000-7f2b87481000 r-xp 00026000 08:07 9961497                    /usr/lib/x86_64-linux-gnu/libc.so.6
7f2b87481000-7f2b874d4000 r--p 0017b000 08:07 9961497                    /usr/lib/x86_64-linux-gnu/libc.so.6
7f2b874d4000-7f2b874d8000 r--p 001ce000 08:07 9961497                    /usr/lib/x86_64-linux-gnu/libc.so.6
7f2b874d8000-7f2b874da000 rw-p 001d2000 08:07 9961497                    /usr/lib/x86_64-linux-gnu/libc.so.6
7f2b874da000-7f2b874e7000 rw-p 00000000 00:00 0 
7f2b874eb000-7f2b874ed000 r--s 0000c000 08:07 10132053                   /usr/share/java/java-atk-wrapper.jar
7f2b874ed000-7f2b874ee000 r--p 00000000 08:07 10252891                   /usr/lib/jvm/java-17-openjdk-amd64/lib/libinstrument.so
7f2b874ee000-7f2b874f4000 r-xp 00001000 08:07 10252891                   /usr/lib/jvm/java-17-openjdk-amd64/lib/libinstrument.so
7f2b874f4000-7f2b874f7000 r--p 00007000 08:07 10252891                   /usr/lib/jvm/java-17-openjdk-amd64/lib/libinstrument.so
7f2b874f7000-7f2b874f8000 r--p 00009000 08:07 10252891                   /usr/lib/jvm/java-17-openjdk-amd64/lib/libinstrument.so
7f2b874f8000-7f2b874f9000 rw-p 0000a000 08:07 10252891                   /usr/lib/jvm/java-17-openjdk-amd64/lib/libinstrument.so
7f2b874f9000-7f2b874fa000 ---p 00000000 00:00 0 
7f2b874fa000-7f2b874fb000 r--p 00000000 00:00 0 
7f2b874fb000-7f2b874fc000 ---p 00000000 00:00 0 
7f2b874fc000-7f2b874fe000 r--p 00000000 08:07 10252899                   /usr/lib/jvm/java-17-openjdk-amd64/lib/libjimage.so
7f2b874fe000-7f2b87501000 r-xp 00002000 08:07 10252899                   /usr/lib/jvm/java-17-openjdk-amd64/lib/libjimage.so
7f2b87501000-7f2b87502000 r--p 00005000 08:07 10252899                   /usr/lib/jvm/java-17-openjdk-amd64/lib/libjimage.so
7f2b87502000-7f2b87503000 r--p 00006000 08:07 10252899                   /usr/lib/jvm/java-17-openjdk-amd64/lib/libjimage.so
7f2b87503000-7f2b87504000 rw-p 00007000 08:07 10252899                   /usr/lib/jvm/java-17-openjdk-amd64/lib/libjimage.so
7f2b87504000-7f2b87506000 r--p 00000000 08:07 10252900                   /usr/lib/jvm/java-17-openjdk-amd64/lib/libjli.so
7f2b87506000-7f2b8750f000 r-xp 00002000 08:07 10252900                   /usr/lib/jvm/java-17-openjdk-amd64/lib/libjli.so
7f2b8750f000-7f2b87512000 r--p 0000b000 08:07 10252900                   /usr/lib/jvm/java-17-openjdk-amd64/lib/libjli.so
7f2b87512000-7f2b87513000 r--p 0000d000 08:07 10252900                   /usr/lib/jvm/java-17-openjdk-amd64/lib/libjli.so
7f2b87513000-7f2b87514000 rw-p 0000e000 08:07 10252900                   /usr/lib/jvm/java-17-openjdk-amd64/lib/libjli.so
7f2b87514000-7f2b87516000 rw-p 00000000 00:00 0 
7f2b87516000-7f2b87517000 r--p 00000000 08:07 9961493                    /usr/lib/x86_64-linux-gnu/ld-linux-x86-64.so.2
7f2b87517000-7f2b8753c000 r-xp 00001000 08:07 9961493                    /usr/lib/x86_64-linux-gnu/ld-linux-x86-64.so.2
7f2b8753c000-7f2b87546000 r--p 00026000 08:07 9961493                    /usr/lib/x86_64-linux-gnu/ld-linux-x86-64.so.2
7f2b87546000-7f2b87548000 r--p 00030000 08:07 9961493                    /usr/lib/x86_64-linux-gnu/ld-linux-x86-64.so.2
7f2b87548000-7f2b8754a000 rw-p 00032000 08:07 9961493                    /usr/lib/x86_64-linux-gnu/ld-linux-x86-64.so.2
7ffd0fbb1000-7ffd0fbd4000 rw-p 00000000 00:00 0                          [stack]
7ffd0fbd9000-7ffd0fbdd000 r--p 00000000 00:00 0                          [vvar]
7ffd0fbdd000-7ffd0fbdf000 r-xp 00000000 00:00 0                          [vdso]


VM Arguments:
jvm_args: -javaagent:/home/miaro/Software/eclipse/configuration/org.eclipse.osgi/389/0/.cp/jacocoagent.jar=includes=*,excludes=,exclclassloader=sun.reflect.DelegatingClassLoader,output=tcpclient,port=42253 -Dfile.encoding=UTF-8 -XX:+ShowCodeDetailsInExceptionMessages -Dawt.useSystemAAFontSettings=on -Dswing.aatext=true 
java_command: com.ilefohy.game.DesktopLauncher
java_class_path (initial): /home/miaro/Desktop/Tetikasa/Ilefohy/desktop/bin/main:/Ilefohy-core/bin/default:/home/miaro/Desktop/Tetikasa/Ilefohy/core/bin/main:/home/miaro/.gradle/caches/modules-2/files-2.1/com.badlogicgames.gdx/gdx-backend-lwjgl3/1.11.0/58a96db4cd349be4292d547856aa1e1c5f065f4e/gdx-backend-lwjgl3-1.11.0.jar:/home/miaro/.gradle/caches/modules-2/files-2.1/com.badlogicgames.gdx/gdx-platform/1.11.0/697fb13eada6d3c6ca648c9788692b0159add126/gdx-platform-1.11.0-natives-desktop.jar:/home/miaro/.gradle/caches/modules-2/files-2.1/com.badlogicgames.gdx/gdx-bullet-platform/1.11.0/2c067b913a306ba26d482075297538ad91cdb88b/gdx-bullet-platform-1.11.0-natives-desktop.jar:/home/miaro/.gradle/caches/modules-2/files-2.1/com.badlogicgames.gdx/gdx-box2d-platform/1.11.0/62ff9baa1e57a11e0a4428a38c9660bf9f312fdc/gdx-box2d-platform-1.11.0-natives-desktop.jar:/home/miaro/.gradle/caches/modules-2/files-2.1/com.badlogicgames.gdx/gdx-bullet/1.11.0/1eb83845fa655e7e8ab6bbb979d28b0502ad3302/gdx-bullet-1.11.0.jar:/home/miaro/.gradle/caches/modules-2/files-2.1/com.badlogicgames.box2dlights/box2dlights/1.5/6902dbcd250c95a27973aa24a147a95b3828d348/box2dlights-1.5.jar:/home/miaro/.gradle/caches/modules-2/files-2.1/com.badlogicgames.gdx/gdx-box2d/1.11.0/ad4facee800dd945d6d6e93dea2936bc135b5f/gdx-box2d-1.11.0.jar:/home/miaro/.gradle/caches/modules-2/files-2.1/com.badlogicgames.gdx/gdx-ai/1.8.2/ab75d2ce80ab1b1ce6828a15dc0f417abac4c674/gdx-ai-1.8.2.jar:/home/miaro/.gradle/caches/modules-2/files-2.1/com.badlogicgames.gdx/gdx/1.11.0/ffe1206d1004cd9e40027e28964be0fea0399af7/gdx-1.11.0.jar:/home/miaro/.gradle/caches/modules-2/files-2.1/org.lwjgl/lwjgl-glfw/3.3.1/cbac1b8d30cb4795149c1ef540f912671a8616d0/lwjgl-glfw-3.3.1.jar:/home/miaro/.gradle/caches/modules-2/files-2.1/org.lwjgl/lwjgl-glfw/3.3.1/81716978214ecbda15050ca394b06ef61501a49e/lwjgl-glfw-3.3.1-natives-linux.jar:/home/miaro/.gradle/caches/modules-2/files-2.1/org.lwjgl/lwjgl-glfw/3.3.1/816d935933f2dd743074c4e717cc25b55720f294/lwjgl-glfw-
Launcher Type: SUN_STANDARD

[Global flags]
     intx CICompilerCount                          = 3                                         {product} {ergonomic}
     uint ConcGCThreads                            = 1                                         {product} {ergonomic}
     uint G1ConcRefinementThreads                  = 4                                         {product} {ergonomic}
   size_t G1HeapRegionSize                         = 1048576                                   {product} {ergonomic}
    uintx GCDrainStackTargetSize                   = 64                                        {product} {ergonomic}
   size_t InitialHeapSize                          = 62914560                                  {product} {ergonomic}
   size_t MarkStackSize                            = 4194304                                   {product} {ergonomic}
   size_t MaxHeapSize                              = 977272832                                 {product} {ergonomic}
   size_t MaxNewSize                               = 586153984                                 {product} {ergonomic}
   size_t MinHeapDeltaBytes                        = 1048576                                   {product} {ergonomic}
   size_t MinHeapSize                              = 8388608                                   {product} {ergonomic}
    uintx NonNMethodCodeHeapSize                   = 5832780                                {pd product} {ergonomic}
    uintx NonProfiledCodeHeapSize                  = 122912730                              {pd product} {ergonomic}
    uintx ProfiledCodeHeapSize                     = 122912730                              {pd product} {ergonomic}
    uintx ReservedCodeCacheSize                    = 251658240                              {pd product} {ergonomic}
     bool SegmentedCodeCache                       = true                                      {product} {ergonomic}
     bool ShowCodeDetailsInExceptionMessages       = true                                   {manageable} {command line}
   size_t SoftMaxHeapSize                          = 977272832                              {manageable} {ergonomic}
     bool UseCompressedClassPointers               = true                           {product lp64_product} {ergonomic}
     bool UseCompressedOops                        = true                           {product lp64_product} {ergonomic}
     bool UseG1GC                                  = true                                      {product} {ergonomic}

Logging:
Log output configuration:
 #0: stdout all=warning uptime,level,tags
 #1: stderr all=off uptime,level,tags

Environment Variables:
_JAVA_OPTIONS=-Dawt.useSystemAAFontSettings=on -Dswing.aatext=true
PATH=/usr/local/sbin:/usr/sbin:/sbin:/usr/local/bin:/usr/bin:/bin:/usr/local/games:/usr/games:/home/miaro/.dotnet/tools
USERNAME=miaro
SHELL=/bin/bash
DISPLAY=:1
LANG=en_US.UTF-8

Signal Handlers:
   SIGSEGV: 0x00007f2b86d2d380 in libjvm.so+15913856, mask=11100100010111111101111111111110, flags=SA_RESTART|SA_SIGINFO
    SIGBUS: 0x00007f2b86d2d380 in libjvm.so+15913856, mask=11100100010111111101111111111110, flags=SA_RESTART|SA_SIGINFO
    SIGFPE: 0x00007f2b86d2d380 in libjvm.so+15913856, mask=11100100010111111101111111111110, flags=SA_RESTART|SA_SIGINFO
   SIGPIPE: 0x00007f2b86bd2f10 in libjvm.so+14495504, mask=11100100010111111101111111111110, flags=SA_RESTART|SA_SIGINFO
   SIGXFSZ: 0x00007f2b86bd2f10 in libjvm.so+14495504, mask=11100100010111111101111111111110, flags=SA_RESTART|SA_SIGINFO
    SIGILL: 0x00007f2b86d2d380 in libjvm.so+15913856, mask=11100100010111111101111111111110, flags=SA_RESTART|SA_SIGINFO
   SIGUSR2: 0x00007f2b86bd2650 in libjvm.so+14493264, mask=00100000000000000000000000000000, flags=SA_RESTART|SA_SIGINFO
    SIGHUP: 0x00007f2b86bd2580 in libjvm.so+14493056, mask=11100100010111111101111111111110, flags=SA_RESTART|SA_SIGINFO
    SIGINT: 0x00007f2b86bd2580 in libjvm.so+14493056, mask=11100100010111111101111111111110, flags=SA_RESTART|SA_SIGINFO
   SIGTERM: 0x00007f2b86bd2580 in libjvm.so+14493056, mask=11100100010111111101111111111110, flags=SA_RESTART|SA_SIGINFO
   SIGQUIT: 0x00007f2b86bd2580 in libjvm.so+14493056, mask=11100100010111111101111111111110, flags=SA_RESTART|SA_SIGINFO
  *** Handler was modified!
  *** Expected: 0x00007f2b86bd2f10 in libjvm.so+14495504, mask=11100100110111111111111111111110, flags=SA_RESTART|SA_SIGINFO
   SIGTRAP: 0x00007f2b86d2d380 in libjvm.so+15913856, mask=11100100010111111101111111111110, flags=SA_RESTART|SA_SIGINFO


---------------  S Y S T E M  ---------------

OS:
PRETTY_NAME="Kali GNU/Linux Rolling"
NAME="Kali GNU/Linux"
VERSION="2022.4"
VERSION_ID="2022.4"
VERSION_CODENAME="kali-rolling"
ID=kali
ID_LIKE=debian
HOME_URL="https://www.kali.org/"
SUPPORT_URL="https://forums.kali.org/"
BUG_REPORT_URL="https://bugs.kali.org/"
ANSI_COLOR="1;31"
uname: Linux 6.0.0-kali3-amd64 #1 SMP PREEMPT_DYNAMIC Debian 6.0.7-1kali1 (2022-11-07) x86_64
OS uptime: 0 days 8:14 hours
libc: glibc 2.36 NPTL 2.36 
rlimit (soft/hard): STACK 8192k/infinity , CORE 0k/infinity , NPROC 14587/14587 , NOFILE 1048576/1048576 , AS infinity/infinity , CPU infinity/infinity , DATA infinity/infinity , FSIZE infinity/infinity , MEMLOCK 476372k/476372k
load average: 6.35 2.36 1.38

/proc/meminfo:
MemTotal:        3810976 kB
MemFree:          107896 kB
MemAvailable:     141188 kB
Buffers:            3768 kB
Cached:           565532 kB
SwapCached:       174332 kB
Active:           957884 kB
Inactive:        2371072 kB
Active(anon):     851588 kB
Inactive(anon):  2277988 kB
Active(file):     106296 kB
Inactive(file):    93084 kB
Unevictable:       16752 kB
Mlocked:             312 kB
SwapTotal:       7811068 kB
SwapFree:        5723076 kB
Zswap:                 0 kB
Zswapped:              0 kB
Dirty:              1020 kB
Writeback:             0 kB
AnonPages:       2682228 kB
Mapped:           162836 kB
Shmem:            369744 kB
KReclaimable:      82532 kB
Slab:             196108 kB
SReclaimable:      82532 kB
SUnreclaim:       113576 kB
KernelStack:       20368 kB
PageTables:        42580 kB
NFS_Unstable:          0 kB
Bounce:                0 kB
WritebackTmp:          0 kB
CommitLimit:     9716556 kB
Committed_AS:   11294520 kB
VmallocTotal:   34359738367 kB
VmallocUsed:       57864 kB
VmallocChunk:          0 kB
Percpu:             4160 kB
HardwareCorrupted:     0 kB
AnonHugePages:    684032 kB
ShmemHugePages:   172032 kB
ShmemPmdMapped:        0 kB
FileHugePages:         0 kB
FilePmdMapped:         0 kB
HugePages_Total:       0
HugePages_Free:        0
HugePages_Rsvd:        0
HugePages_Surp:        0
Hugepagesize:       2048 kB
Hugetlb:               0 kB
DirectMap4k:      240244 kB
DirectMap2M:     3739648 kB
DirectMap1G:           0 kB

/sys/kernel/mm/transparent_hugepage/enabled: [always] madvise never
/sys/kernel/mm/transparent_hugepage/defrag (defrag/compaction efforts parameter): always defer defer+madvise [madvise] never

Process Memory:
Virtual Size: 3909596K (peak: 3970440K)
Resident Set Size: 91008K (peak: 105904K) (anon: 62916K, file: 28092K, shmem: 0K)
Swapped out: 0K
C-Heap outstanding allocations: 15271K, retained: 26768K
glibc malloc tunables: (default)

/proc/sys/kernel/threads-max (system-wide limit on the number of threads): 29175
/proc/sys/vm/max_map_count (maximum number of memory map areas a process may have): 65530
/proc/sys/kernel/pid_max (system-wide limit on number of process identifiers): 4194304

container (cgroup) information:
container_type: cgroupv2
cpu_cpuset_cpus: not supported
cpu_memory_nodes: not supported
active_processor_count: 4
cpu_quota: not supported
cpu_period: not supported
cpu_shares: not supported
memory_limit_in_bytes: unlimited
memory_and_swap_limit_in_bytes: unlimited
memory_soft_limit_in_bytes: unlimited
memory_usage_in_bytes: 2081216 k
memory_max_usage_in_bytes: not supported
maximum number of tasks: 4376
current number of tasks: 430

Steal ticks since vm start: 0
Steal ticks percentage since vm start:  0.000

CPU: total 4 (initial active 4) (2 cores per cpu, 2 threads per core) family 6 model 142 stepping 9 microcode 0xf0, cx8, cmov, fxsr, ht, mmx, 3dnowpref, sse, sse2, sse3, ssse3, sse4.1, sse4.2, popcnt, lzcnt, tsc, tscinvbit, avx, avx2, aes, erms, clmul, bmi1, bmi2, adx, fma, vzeroupper, clflush, clflushopt
CPU Model and flags from /proc/cpuinfo:
model name	: Intel(R) Core(TM) i7-7500U CPU @ 2.70GHz
flags		: fpu vme de pse tsc msr pae mce cx8 apic sep mtrr pge mca cmov pat pse36 clflush dts acpi mmx fxsr sse sse2 ss ht tm pbe syscall nx pdpe1gb rdtscp lm constant_tsc art arch_perfmon pebs bts rep_good nopl xtopology nonstop_tsc cpuid aperfmperf pni pclmulqdq dtes64 monitor ds_cpl est tm2 ssse3 sdbg fma cx16 xtpr pdcm pcid sse4_1 sse4_2 x2apic movbe popcnt tsc_deadline_timer aes xsave avx f16c rdrand lahf_lm abm 3dnowprefetch cpuid_fault epb invpcid_single pti ssbd ibrs ibpb stibp fsgsbase tsc_adjust sgx bmi1 avx2 smep bmi2 erms invpcid mpx rdseed adx smap clflushopt intel_pt xsaveopt xsavec xgetbv1 xsaves dtherm ida arat pln pts hwp hwp_notify hwp_act_window hwp_epp md_clear flush_l1d arch_capabilities

Online cpus: 0-3
Offline cpus: 
BIOS frequency limitation: <Not Available>
Frequency switch latency (ns): 0
Available cpu frequencies: <Not Available>
Current governor: powersave
Core performance/turbo boost: <Not Available>

Memory: 4k page, physical 3810976k(107896k free), swap 7811068k(5723076k free)
Page Sizes: 4k

vm_info: OpenJDK 64-Bit Server VM (17.0.5+8-Debian-2) for linux-amd64 JRE (17.0.5+8-Debian-2), built on Oct 19 2022 18:06:20 by "buildd" with gcc 12.2.0

END.
