#
# A fatal error has been detected by the Java Runtime Environment:
#
#  SIGSEGV (0xb) at pc=0x00007f68ac1e6e67, pid=2160885, tid=2160893
#
# JRE version: OpenJDK Runtime Environment (17.0.6+10) (build 17.0.6+10-Debian-1)
# Java VM: OpenJDK 64-Bit Server VM (17.0.6+10-Debian-1, mixed mode, sharing, tiered, compressed oops, compressed class ptrs, g1 gc, linux-amd64)
# Problematic frame:
# C  [libc.so.6+0x94e67]
[timeout occurred during error reporting in step "printing problematic frame"] after 30 s.
# Core dump will be written. Default location: Core dumps may be processed with "/lib/systemd/systemd-coredump %P %u %g %s %t 9223372036854775808 %h" (or dumping to /home/miaro/Desktop/Tetikasa/Ilefohy/desktop/core.2160885)
#
# If you would like to submit a bug report, please visit:
#   https://bugs.debian.org/openjdk-17
# The crash happened outside the Java Virtual Machine in native code.
# See problematic frame for where to report the bug.
#

---------------  S U M M A R Y ------------

Command Line: -javaagent:/home/miaro/Software/eclipse/configuration/org.eclipse.osgi/389/0/.cp/jacocoagent.jar=includes=*,excludes=,exclclassloader=sun.reflect.DelegatingClassLoader,output=tcpclient,port=45043 -Dfile.encoding=UTF-8 -XX:+ShowCodeDetailsInExceptionMessages -Dawt.useSystemAAFontSettings=on -Dswing.aatext=true com.ilefohy.game.DesktopLauncher

Host: Intel(R) Core(TM) i7-7500U CPU @ 2.70GHz, 